[debug] [2020-11-05T22:11:41.062Z] ----------------------------------------------------------------------
[debug] [2020-11-05T22:11:41.066Z] Command:       C:\Program Files\nodejs\node.exe C:\Users\AbdoBoy\AppData\Roaming\npm\node_modules\firebase-tools\lib\bin\firebase.js init
[debug] [2020-11-05T22:11:41.066Z] CLI Version:   8.15.0
[debug] [2020-11-05T22:11:41.066Z] Platform:      win32
[debug] [2020-11-05T22:11:41.067Z] Node Version:  v12.19.0
[debug] [2020-11-05T22:11:41.068Z] Time:          Thu Nov 05 2020 23:11:41 GMT+0100 (GMT+01:00)
[debug] [2020-11-05T22:11:41.068Z] ----------------------------------------------------------------------
[debug] [2020-11-05T22:11:41.068Z] 
[debug] [2020-11-05T22:11:41.079Z] > command requires scopes: ["email","openid","https://www.googleapis.com/auth/cloudplatformprojects.readonly","https://www.googleapis.com/auth/firebase","https://www.googleapis.com/auth/cloud-platform"]
[debug] [2020-11-05T22:11:41.079Z] > authorizing via signed-in user
[info] 
     ######## #### ########  ######## ########     ###     ######  ########
     ##        ##  ##     ## ##       ##     ##  ##   ##  ##       ##
     ######    ##  ########  ######   ########  #########  ######  ######
     ##        ##  ##    ##  ##       ##     ## ##     ##       ## ##
     ##       #### ##     ## ######## ########  ##     ##  ######  ########

You're about to initialize a Firebase project in this directory:

  C:\Users\AbdoBoy

Before we get started, keep in mind:

  * You are initializing in an existing Firebase project directory

[info] 
=== Project Setup
[info] 
[info] First, let's associate this project directory with a Firebase project.
[info] You can create multiple project aliases by running firebase use --add, 
[info] but for now we'll just set up a default project.
[info] 
[info] i  .firebaserc already has a default project, using fb-clone-de210. 
[debug] [2020-11-05T22:11:46.068Z] >>> HTTP REQUEST GET https://firebase.googleapis.com/v1beta1/projects/fb-clone-de210  
 
[debug] [2020-11-05T22:11:46.602Z] <<< HTTP RESPONSE 200 {"content-type":"application/json; charset=UTF-8","vary":"X-Origin, Referer, Origin,Accept-Encoding","date":"Thu, 05 Nov 2020 22:16:16 GMT","server":"ESF","cache-control":"private","x-xss-protection":"0","x-frame-options":"SAMEORIGIN","x-content-type-options":"nosniff","alt-svc":"h3-Q050=\":443\"; ma=2592000,h3-29=\":443\"; ma=2592000,h3-T051=\":443\"; ma=2592000,h3-T050=\":443\"; ma=2592000,h3-Q046=\":443\"; ma=2592000,h3-Q043=\":443\"; ma=2592000,quic=\":443\"; ma=2592000; v=\"46,43\"","accept-ranges":"none","transfer-encoding":"chunked"}
[info] 
=== Hosting Setup
[info] 
[info] Your public directory is the folder (relative to your project directory) that
[info] will contain Hosting assets to be uploaded with firebase deploy. If you
[info] have a build process for your assets, use your build's output directory.
[info] 
